<?xml version="1.0" encoding="UTF-8"?>
<!-- Generated by org.testng.reporters.JUnitReportReporter -->
<testsuite skipped="0" hostname="LAPTOP-D2GVCL39" name="brockenlink.BrockenLinkClass5ToolQA3" tests="1" failures="1" timestamp="2022-07-26T21:15:49 IST" time="56.636" errors="0">
  <testcase name="verifyLinksAreBrockenOrNot" time="56.636" classname="brockenlink.BrockenLinkClass5ToolQA3">
    <failure type="java.lang.AssertionError" message="The following asserts failed:
	https://demoqa.com/bad-request is brcken with status code = 400 expected [true] but found [false],
	https://demoqa.com/unauthorized is brcken with status code = 401 expected [true] but found [false],
	https://demoqa.com/forbidden is brcken with status code = 403 expected [true] but found [false],
	https://demoqa.com/invalid-url is brcken with status code = 404 expected [true] but found [false]">
      <![CDATA[java.lang.AssertionError: The following asserts failed:
https://demoqa.com/bad-request is brcken with status code = 400 expected [true] but found [false],
https://demoqa.com/unauthorized is brcken with status code = 401 expected [true] but found [false],
https://demoqa.com/forbidden is brcken with status code = 403 expected [true] but found [false],
https://demoqa.com/invalid-url is brcken with status code = 404 expected [true] but found [false]
at org.testng.asserts.SoftAssert.assertAll(SoftAssert.java:47)
at org.testng.asserts.SoftAssert.assertAll(SoftAssert.java:31)
at brockenlink.BrockenLinkClass5ToolQA3.verifyLinksAreBrockenOrNot(BrockenLinkClass5ToolQA3.java:57)
at sun.reflect.NativeMethodAccessorImpl.invoke0(Native Method)
at sun.reflect.NativeMethodAccessorImpl.invoke(Unknown Source)
at sun.reflect.DelegatingMethodAccessorImpl.invoke(Unknown Source)
at java.lang.reflect.Method.invoke(Unknown Source)
at org.testng.internal.MethodInvocationHelper.invokeMethod(MethodInvocationHelper.java:132)
at org.testng.internal.TestInvoker.invokeMethod(TestInvoker.java:599)
at org.testng.internal.TestInvoker.invokeTestMethod(TestInvoker.java:174)
at org.testng.internal.MethodRunner.runInSequence(MethodRunner.java:46)
at org.testng.internal.TestInvoker$MethodInvocationAgent.invoke(TestInvoker.java:822)
at org.testng.internal.TestInvoker.invokeTestMethods(TestInvoker.java:147)
at org.testng.internal.TestMethodWorker.invokeTestMethods(TestMethodWorker.java:146)
at org.testng.internal.TestMethodWorker.run(TestMethodWorker.java:128)
at java.util.concurrent.ThreadPoolExecutor.runWorker(Unknown Source)
at java.util.concurrent.ThreadPoolExecutor$Worker.run(Unknown Source)
at java.lang.Thread.run(Unknown Source)
]]>
    </failure>
  </testcase> <!-- verifyLinksAreBrockenOrNot -->
  <system-out/>
</testsuite> <!-- brockenlink.BrockenLinkClass5ToolQA3 -->
