<?xml version="1.0" encoding="UTF-8"?>
<!-- Generated by org.testng.reporters.JUnitReportReporter -->
<testsuite skipped="2" hostname="LAPTOP-D2GVCL39" name="dataprovider.annotation.DataProviderClass" tests="5" failures="0" timestamp="2022-07-22T20:52:13 IST" time="0.021" errors="0">
  <testcase name="verifyUserCanLoginWithProvidedCredentials2" time="0.004" classname="dataprovider.annotation.DataProviderClass"/>
  <system-out/>
  <testcase name="verifyUserCanLoginWithProvidedCredentials2" time="0.014" classname="dataprovider.annotation.DataProviderClass"/>
  <system-out/>
  <testcase name="verifyUserCanLoginWithProvidedCredentials2" time="0.003" classname="dataprovider.annotation.DataProviderClass"/>
  <system-out/>
  <testcase name="verifyUserCanLoginWithProvidedCredentials" classname="dataprovider.annotation.DataProviderClass">
    <skipped/>
  </testcase> <!-- verifyUserCanLoginWithProvidedCredentials -->
  <system-out/>
  <testcase name="verifyuserCanaddDataOnUI" classname="dataprovider.annotation.DataProviderClass">
    <skipped/>
  </testcase> <!-- verifyuserCanaddDataOnUI -->
  <system-out/>
</testsuite> <!-- dataprovider.annotation.DataProviderClass -->
