<?xml version="1.0" encoding="UTF-8"?>
<!-- Generated by org.testng.reporters.JUnitReportReporter -->
<testsuite skipped="1" hostname="LAPTOP-D2GVCL39" name="dataprovider.annotation.DataProviderClass3" tests="1" failures="0" timestamp="2022-07-26T21:15:49 IST" time="0.000" errors="0">
  <testcase name="verifyNewUserCanBeAddedWithProvidedData" time="0.000" classname="dataprovider.annotation.DataProviderClass3">
    <skipped/>
  </testcase> <!-- verifyNewUserCanBeAddedWithProvidedData -->
  <system-out/>
</testsuite> <!-- dataprovider.annotation.DataProviderClass3 -->
