<?xml version="1.0" encoding="UTF-8"?>
<!-- Generated by org.testng.reporters.JUnitReportReporter -->
<testsuite skipped="0" hostname="LAPTOP-D2GVCL39" name="annotation.AnnotationInTestNGTwo" tests="2" failures="0" timestamp="2022-07-19T21:37:57 IST" time="0.009" errors="0">
  <testcase name="sampleAMethodFromAnnotationInTestNGTwo" time="0.004" classname="annotation.AnnotationInTestNGTwo"/>
  <system-out/>
  <testcase name="sampleBMethodFromAnnotationInTestNGTwo" time="0.005" classname="annotation.AnnotationInTestNGTwo"/>
  <system-out/>
</testsuite> <!-- annotation.AnnotationInTestNGTwo -->
