<?xml version="1.0" encoding="UTF-8"?>
<!-- Generated by org.testng.reporters.JUnitReportReporter -->
<testsuite skipped="0" hostname="LAPTOP-D2GVCL39" name="priority.PriorityClass" tests="3" failures="0" timestamp="2022-07-21T21:46:18 IST" time="0.011" errors="0">
  <testcase name="verifyNewUserCanBeadded" time="0.002" classname="priority.PriorityClass"/>
  <system-out/>
  <testcase name="verifyExistingUserCanBeedited" time="0.009" classname="priority.PriorityClass"/>
  <system-out/>
  <testcase name="verifyExistingUserCanBeDeleted" time="0.000" classname="priority.PriorityClass"/>
  <system-out/>
</testsuite> <!-- priority.PriorityClass -->
