<?xml version="1.0" encoding="UTF-8"?>
<!-- Generated by org.testng.reporters.JUnitReportReporter -->
<testsuite skipped="0" hostname="LAPTOP-D2GVCL39" name="brockenlink.BrockenLinkClass4ToolQA2" tests="1" failures="0" timestamp="2022-07-25T21:58:36 IST" time="27.360" errors="0">
  <testcase name="sampleTestCase" time="27.360" classname="brockenlink.BrockenLinkClass4ToolQA2"/>
  <system-out/>
</testsuite> <!-- brockenlink.BrockenLinkClass4ToolQA2 -->
