<?xml version="1.0" encoding="UTF-8"?>
<!-- Generated by org.testng.reporters.JUnitReportReporter -->
<testsuite skipped="1" hostname="LAPTOP-D2GVCL39" name="enable.EnableInTestNG" tests="2" failures="0" timestamp="2022-07-26T21:15:49 IST" time="0.008" errors="0">
  <testcase name="A" time="0.008" classname="enable.EnableInTestNG"/>
  <system-out/>
  <testcase name="B" classname="enable.EnableInTestNG">
    <skipped/>
  </testcase> <!-- B -->
  <system-out/>
</testsuite> <!-- enable.EnableInTestNG -->
