<?xml version="1.0" encoding="UTF-8"?>
<!-- Generated by org.testng.reporters.JUnitReportReporter -->
<testsuite skipped="0" hostname="LAPTOP-D2GVCL39" name="brockenlink.BrockenLinkClass" tests="1" failures="0" timestamp="2022-07-26T21:15:49 IST" time="20.858" errors="0">
  <testcase name="sampleTestCase" time="20.858" classname="brockenlink.BrockenLinkClass"/>
  <system-out/>
</testsuite> <!-- brockenlink.BrockenLinkClass -->
