<?xml version="1.0" encoding="UTF-8"?>
<!-- Generated by org.testng.reporters.JUnitReportReporter -->
<testsuite skipped="0" hostname="LAPTOP-D2GVCL39" name="brockenlink.BrockenLinkClass3ToolQA" tests="1" failures="0" timestamp="2022-07-26T21:15:49 IST" time="63.280" errors="0">
  <testcase name="sampleTestCase" time="63.280" classname="brockenlink.BrockenLinkClass3ToolQA"/>
  <system-out/>
</testsuite> <!-- brockenlink.BrockenLinkClass3ToolQA -->
