<?xml version="1.0" encoding="UTF-8"?>
<!-- Generated by org.testng.reporters.JUnitReportReporter -->
<testsuite skipped="0" hostname="LAPTOP-D2GVCL39" name="screen.cpature.ScreenCaptureClass" tests="1" failures="0" timestamp="2022-07-26T21:15:49 IST" time="60.737" errors="0">
  <testcase name="sampleTestCase" time="60.737" classname="screen.cpature.ScreenCaptureClass"/>
  <system-out/>
</testsuite> <!-- screen.cpature.ScreenCaptureClass -->
