<?xml version="1.0" encoding="UTF-8"?>
<!-- Generated by org.testng.reporters.JUnitReportReporter -->
<testsuite skipped="0" hostname="LAPTOP-D2GVCL39" name="dataprovider.annotation.DataProviderClass2" tests="4" failures="0" timestamp="2022-07-26T21:15:49 IST" time="0.004" errors="0">
  <testcase name="verifyUserCanLoginWithProvidedCredentials2" time="0.000" classname="dataprovider.annotation.DataProviderClass2"/>
  <system-out/>
  <testcase name="verifyUserCanLoginWithProvidedCredentials2" time="0.001" classname="dataprovider.annotation.DataProviderClass2"/>
  <system-out/>
  <testcase name="verifyUserCanLoginWithProvidedCredentials2" time="0.002" classname="dataprovider.annotation.DataProviderClass2"/>
  <system-out/>
  <testcase name="verifyUserCanLoginWithProvidedCredentials2" time="0.001" classname="dataprovider.annotation.DataProviderClass2"/>
  <system-out/>
</testsuite> <!-- dataprovider.annotation.DataProviderClass2 -->
