<?xml version="1.0" encoding="UTF-8"?>
<!-- Generated by org.testng.reporters.JUnitReportReporter -->
<testsuite skipped="0" hostname="LAPTOP-D2GVCL39" name="enable.SampleClass" tests="5" failures="0" timestamp="2022-07-22T21:37:22 IST" time="0.023" errors="0">
  <testcase name="method4" time="0.016" classname="enable.SampleClass"/>
  <system-out/>
  <testcase name="method2" time="0.002" classname="enable.SampleClass"/>
  <system-out/>
  <testcase name="method3" time="0.001" classname="enable.SampleClass"/>
  <system-out/>
  <testcase name="method5" time="0.002" classname="enable.SampleClass"/>
  <system-out/>
  <testcase name="method1" time="0.002" classname="enable.SampleClass"/>
  <system-out/>
</testsuite> <!-- enable.SampleClass -->
