<?xml version="1.0" encoding="UTF-8"?>
<!-- Generated by org.testng.reporters.JUnitReportReporter -->
<testsuite skipped="0" hostname="LAPTOP-D2GVCL39" name="dataprovider.annotation.DataProviderClass2" tests="4" failures="0" timestamp="2022-07-22T21:10:03 IST" time="47.148" errors="0">
  <testcase name="verifyUserCanLoginWithProvidedCredentials2" time="16.027" classname="dataprovider.annotation.DataProviderClass2"/>
  <system-out/>
  <testcase name="verifyUserCanLoginWithProvidedCredentials2" time="9.914" classname="dataprovider.annotation.DataProviderClass2"/>
  <system-out/>
  <testcase name="verifyUserCanLoginWithProvidedCredentials2" time="10.045" classname="dataprovider.annotation.DataProviderClass2"/>
  <system-out/>
  <testcase name="verifyUserCanLoginWithProvidedCredentials2" time="11.162" classname="dataprovider.annotation.DataProviderClass2"/>
  <system-out/>
</testsuite> <!-- dataprovider.annotation.DataProviderClass2 -->
