<?xml version="1.0" encoding="UTF-8"?>
<!-- Generated by org.testng.reporters.JUnitReportReporter -->
<testsuite skipped="0" hostname="LAPTOP-D2GVCL39" name="annotation.AnnotationInTestNG" tests="3" failures="0" timestamp="2022-07-18T21:54:27 IST" time="0.033" errors="0">
  <testcase name="verifyUserCanReadEmail" time="0.004" classname="annotation.AnnotationInTestNG"/>
  <system-out/>
  <testcase name="verifyUserCanSendEmail" time="0.001" classname="annotation.AnnotationInTestNG"/>
  <system-out/>
  <testcase name="verifyUserCanLoginWithValidUserNameAndPassword" time="0.028" classname="annotation.AnnotationInTestNG"/>
  <system-out/>
</testsuite> <!-- annotation.AnnotationInTestNG -->
