<?xml version="1.0" encoding="UTF-8"?>
<!-- Generated by org.testng.reporters.JUnitReportReporter -->
<testsuite skipped="0" hostname="LAPTOP-D2GVCL39" name="annotation.FileUploadTestCase" tests="1" failures="0" timestamp="2022-07-19T21:41:29 IST" time="40.284" errors="0">
  <testcase name="verifyfileupload" time="40.284" classname="annotation.FileUploadTestCase"/>
  <system-out/>
</testsuite> <!-- annotation.FileUploadTestCase -->
