<?xml version="1.0" encoding="UTF-8"?>
<!-- Generated by org.testng.reporters.JUnitReportReporter -->
<testsuite skipped="0" hostname="LAPTOP-D2GVCL39" name="brockenlink.BrockenLinkClass3ToolQA" tests="1" failures="0" timestamp="2022-07-25T21:48:01 IST" time="9.630" errors="0">
  <testcase name="sampleTestCase" time="9.630" classname="brockenlink.BrockenLinkClass3ToolQA"/>
  <system-out/>
</testsuite> <!-- brockenlink.BrockenLinkClass3ToolQA -->
