<?xml version="1.0" encoding="UTF-8"?>
<!-- Generated by org.testng.reporters.JUnitReportReporter -->
<testsuite skipped="0" hostname="LAPTOP-D2GVCL39" name="annotation.AnnotationCCC" tests="1" failures="0" timestamp="2022-07-19T21:37:57 IST" time="0.003" errors="0">
  <testcase name="firstTestCase" time="0.003" classname="annotation.AnnotationCCC"/>
  <system-out/>
</testsuite> <!-- annotation.AnnotationCCC -->
