<?xml version="1.0" encoding="UTF-8"?>
<!-- Generated by org.testng.reporters.JUnitReportReporter -->
<testsuite skipped="0" hostname="LAPTOP-D2GVCL39" name="brockenlink.FindStatusCodeOfLink" tests="1" failures="0" timestamp="2022-07-25T21:32:38 IST" time="1.256" errors="0">
  <testcase name="sampleTestCase" time="1.256" classname="brockenlink.FindStatusCodeOfLink"/>
  <system-out/>
</testsuite> <!-- brockenlink.FindStatusCodeOfLink -->
