<?xml version="1.0" encoding="UTF-8"?>
<!-- Generated by org.testng.reporters.JUnitReportReporter -->
<testsuite skipped="0" hostname="LAPTOP-D2GVCL39" name="brockenlink.BrockenLinkClass" tests="1" failures="0" timestamp="2022-07-25T21:08:54 IST" time="5.904" errors="0">
  <testcase name="sampleTestCase" time="5.904" classname="brockenlink.BrockenLinkClass"/>
  <system-out/>
</testsuite> <!-- brockenlink.BrockenLinkClass -->
