<?xml version="1.0" encoding="UTF-8"?>
<!-- Generated by org.testng.reporters.JUnitReportReporter -->
<testsuite skipped="0" hostname="LAPTOP-D2GVCL39" name="anno.AnnoClass" tests="2" failures="0" timestamp="2022-07-19T21:26:29 IST" time="0.009" errors="0">
  <testcase name="A" time="0.001" classname="anno.AnnoClass"/>
  <system-out/>
  <testcase name="B" time="0.008" classname="anno.AnnoClass"/>
  <system-out/>
</testsuite> <!-- anno.AnnoClass -->
